2026-03-19 15:41:54,221 [INFO] Activator:176 - 


2026-03-19 15:41:54,230 [INFO] Activator:177 - !SESSION log4j initialized
2026-03-19 15:42:07,482 [INFO] LogOutputStream:77 - [STDOUT_REDIRECT] 
2026-03-19 15:42:10,264 [INFO] ApplicationProperties:184 - Using Application install path: F:\Knowledge_Update\STM32CubeIDE_1.19.0\STM32CubeIDE\plugins\com.st.stm32cube.common.mx_6.15.0.202507011659
2026-03-19 15:42:10,307 [INFO] DbMcusXml:78 - Set database path to: F:\Knowledge_Update\STM32CubeIDE_1.19.0\STM32CubeIDE\plugins\com.st.stm32cube.common.mx_6.15.0.202507011659\\db\/mcu/
2026-03-19 15:42:10,308 [INFO] ApiDb:274 - Set plugin database path to: F:\Knowledge_Update\STM32CubeIDE_1.19.0\STM32CubeIDE\plugins\com.st.stm32cube.common.mx_6.15.0.202507011659\\db\/plugins/boardmanager/
2026-03-19 15:42:10,308 [WARN] ApiDb:259 - Overriding images path with different value:  => F:\Knowledge_Update\STM32CubeIDE_1.19.0\STM32CubeIDE\plugins\com.st.stm32cube.common.mx_6.15.0.202507011659\\db\/plugins/mcufinder/images/
2026-03-19 15:42:10,323 [INFO] ApiDb:250 - Set database path to: C:\Users\hp\.stmcufinder\plugins\mcufinder//mcu/
2026-03-19 15:42:10,326 [INFO] DbMcusAds:125 - Set database path to: C:\Users\hp\.stmcufinder\plugins\mcufinder//mcu/
2026-03-19 15:42:10,329 [INFO] CrossReferenceDbSqlite:203 - Set database path to: C:\Users\hp\.stmcufinder\plugins\mcufinder//mcu/cs/
2026-03-19 15:42:10,559 [INFO] RulesReader:64 - Compatibility file has been processed (317 Rules)
2026-03-19 15:42:10,714 [INFO] DbMcusXml:78 - Set database path to: F:\Knowledge_Update\STM32CubeIDE_1.19.0\STM32CubeIDE\plugins\com.st.stm32cube.common.mx_6.15.0.202507011659\\db\/mcu/
2026-03-19 15:42:10,715 [INFO] ApiDb:274 - Set plugin database path to: F:\Knowledge_Update\STM32CubeIDE_1.19.0\STM32CubeIDE\plugins\com.st.stm32cube.common.mx_6.15.0.202507011659\\db\/plugins/boardmanager/
2026-03-19 15:42:10,715 [INFO] ApiDb:261 - Set plugin images path to: F:\Knowledge_Update\STM32CubeIDE_1.19.0\STM32CubeIDE\plugins\com.st.stm32cube.common.mx_6.15.0.202507011659\\db\/plugins/mcufinder/images/
2026-03-19 15:42:10,715 [WARN] DbFile:41 - Overriding database path with different value: C:\Users\hp\.stmcufinder\plugins\mcufinder/ => C:\Users\hp\.stmcufinder\plugins\mcufinder
2026-03-19 15:42:10,715 [INFO] ApiDb:250 - Set database path to: C:\Users\hp\.stmcufinder\plugins\mcufinder//mcu/
2026-03-19 15:42:10,715 [WARN] DbFile:41 - Overriding database path with different value: C:\Users\hp\.stmcufinder\plugins\mcufinder/ => C:\Users\hp\.stmcufinder\plugins\mcufinder
2026-03-19 15:42:10,715 [INFO] DbMcusAds:125 - Set database path to: C:\Users\hp\.stmcufinder\plugins\mcufinder//mcu/
2026-03-19 15:42:10,715 [WARN] DbFile:41 - Overriding database path with different value: C:\Users\hp\.stmcufinder\plugins\mcufinder/ => C:\Users\hp\.stmcufinder\plugins\mcufinder
2026-03-19 15:42:10,716 [WARN] DbFile:41 - Overriding database path with different value: C:\Users\hp\.stmcufinder\plugins\mcufinder/ => C:\Users\hp\.stmcufinder\plugins\mcufinder
2026-03-19 15:42:10,716 [INFO] CrossReferenceDbSqlite:203 - Set database path to: C:\Users\hp\.stmcufinder\plugins\mcufinder//mcu/cs/
2026-03-19 15:42:10,857 [INFO] MainPanel:274 - HeapMemory: 268435456
2026-03-19 15:42:11,036 [INFO] DbMcusXml:78 - Set database path to: F:\Knowledge_Update\STM32CubeIDE_1.19.0\STM32CubeIDE\plugins\com.st.stm32cube.common.mx_6.15.0.202507011659\\db\/mcu/
2026-03-19 15:42:11,036 [INFO] ApiDb:274 - Set plugin database path to: F:\Knowledge_Update\STM32CubeIDE_1.19.0\STM32CubeIDE\plugins\com.st.stm32cube.common.mx_6.15.0.202507011659\\db\/plugins/boardmanager/
2026-03-19 15:42:11,036 [INFO] ApiDb:261 - Set plugin images path to: F:\Knowledge_Update\STM32CubeIDE_1.19.0\STM32CubeIDE\plugins\com.st.stm32cube.common.mx_6.15.0.202507011659\\db\/plugins/mcufinder/images/
2026-03-19 15:42:11,037 [WARN] DbFile:41 - Overriding database path with different value: C:\Users\hp\.stmcufinder\plugins\mcufinder/ => C:\Users\hp\.stmcufinder\plugins\mcufinder
2026-03-19 15:42:11,037 [INFO] ApiDb:250 - Set database path to: C:\Users\hp\.stmcufinder\plugins\mcufinder//mcu/
2026-03-19 15:42:11,037 [WARN] DbFile:41 - Overriding database path with different value: C:\Users\hp\.stmcufinder\plugins\mcufinder/ => C:\Users\hp\.stmcufinder\plugins\mcufinder
2026-03-19 15:42:11,037 [INFO] DbMcusAds:125 - Set database path to: C:\Users\hp\.stmcufinder\plugins\mcufinder//mcu/
2026-03-19 15:42:11,037 [WARN] DbFile:41 - Overriding database path with different value: C:\Users\hp\.stmcufinder\plugins\mcufinder/ => C:\Users\hp\.stmcufinder\plugins\mcufinder
2026-03-19 15:42:11,037 [WARN] DbFile:41 - Overriding database path with different value: C:\Users\hp\.stmcufinder\plugins\mcufinder/ => C:\Users\hp\.stmcufinder\plugins\mcufinder
2026-03-19 15:42:11,038 [INFO] CrossReferenceDbSqlite:203 - Set database path to: C:\Users\hp\.stmcufinder\plugins\mcufinder//mcu/cs/
2026-03-19 15:42:11,067 [INFO] ApplicationProperties:184 - Using Application install path: F:\Knowledge_Update\STM32CubeIDE_1.19.0\STM32CubeIDE\plugins\com.st.stm32cube.common.mx_6.15.0.202507011659
2026-03-19 15:42:11,069 [INFO] PluginManage:196 - Search for loadable plugins [exclusion list=, ]
2026-03-19 15:42:11,071 [INFO] PluginManage:310 - Check plugin analytics
2026-03-19 15:42:11,352 [INFO] AnalyticsPlugin:253 - Accepted Software Licenses: STM32CubeMX.6.15.0
2026-03-19 15:42:11,353 [INFO] AnalyticsPlugin:255 - Accepted CMSIS Pack Licenses: 
2026-03-19 15:42:11,353 [INFO] AnalyticsPlugin:257 - Accepted Firmware Licenses: FW.F4.1.28.0
2026-03-19 15:42:11,357 [INFO] PluginManage:359 - Loaded plugin analytics (category:tool,tabindex:-1)
2026-03-19 15:42:11,358 [INFO] PluginManage:310 - Check plugin cadmodel
2026-03-19 15:42:11,368 [INFO] CADModel:105 - Init CAD model plugin
2026-03-19 15:42:11,368 [INFO] PluginManage:359 - Loaded plugin cadmodel (category:power,tabindex:5)
2026-03-19 15:42:11,368 [INFO] PluginManage:310 - Check plugin clock
2026-03-19 15:42:11,384 [INFO] PluginManage:359 - Loaded plugin clock (category:base,tabindex:2)
2026-03-19 15:42:11,385 [INFO] PluginManage:310 - Check plugin ddr
2026-03-19 15:42:11,389 [INFO] PluginManage:359 - Loaded plugin ddr (category:tool,tabindex:6)
2026-03-19 15:42:11,389 [INFO] PluginManage:310 - Check plugin filemanager
2026-03-19 15:42:11,649 [INFO] PluginManage:359 - Loaded plugin filemanager (category:base,tabindex:10)
2026-03-19 15:42:11,650 [INFO] PluginManage:310 - Check plugin ipmanager
2026-03-19 15:42:11,661 [INFO] PluginManage:359 - Loaded plugin ipmanager (category:base,tabindex:5)
2026-03-19 15:42:11,661 [INFO] PluginManage:310 - Check plugin lpbam
2026-03-19 15:42:11,701 [INFO] PluginManage:359 - Loaded plugin lpbam (category:base,tabindex:0)
2026-03-19 15:42:11,702 [INFO] PluginManage:310 - Check plugin memorymap
2026-03-19 15:42:11,745 [INFO] PluginManage:359 - Loaded plugin memorymap (category:base,tabindex:4)
2026-03-19 15:42:11,746 [INFO] PluginManage:310 - Check plugin pinoutandconfiguration
2026-03-19 15:42:11,761 [INFO] PluginManage:359 - Loaded plugin pinoutandconfiguration (category:base,tabindex:1)
2026-03-19 15:42:11,762 [INFO] PluginManage:310 - Check plugin pinoutconfig
2026-03-19 15:42:11,973 [WARN] SupportedApi:132 - Cannot load RTOS API schema: s4s-elt-must-match.1: The content of 'definitions' must match (annotation?, (simpleType | complexType)?, (unique | key | keyref)*)). A problem was found starting at: attribute.
2026-03-19 15:42:12,632 [INFO] PluginManage:359 - Loaded plugin pinoutconfig (category:base,tabindex:0)
2026-03-19 15:42:12,632 [INFO] PluginManage:310 - Check plugin power
2026-03-19 15:42:12,650 [INFO] PluginManage:359 - Loaded plugin power (category:power,tabindex:4)
2026-03-19 15:42:12,650 [INFO] PluginManage:310 - Check plugin projectmanager
2026-03-19 15:42:12,669 [INFO] PluginManage:359 - Loaded plugin projectmanager (category:projectmanager,tabindex:4)
2026-03-19 15:42:12,669 [INFO] PluginManage:310 - Check plugin rif
2026-03-19 15:42:12,798 [INFO] PluginManage:359 - Loaded plugin rif (category:base,tabindex:3)
2026-03-19 15:42:12,798 [INFO] PluginManage:310 - Check plugin thirdparty
2026-03-19 15:42:13,017 [INFO] PluginManage:359 - Loaded plugin thirdparty (category:base,tabindex:-1)
2026-03-19 15:42:13,017 [WARN] IntegrityCheckThread:84 - waiting for thirdparty lock release [integrity check]
2026-03-19 15:42:13,017 [INFO] PluginManage:310 - Check plugin tools
2026-03-19 15:42:13,017 [INFO] IntegrityCheckThread:86 - entering critical section [integrity check]
2026-03-19 15:42:13,018 [INFO] ThirdPartyUpdaterWithRetryManager:70 - Updater plugin not ready yet. [1/15]
2026-03-19 15:42:13,024 [INFO] PluginManage:359 - Loaded plugin tools (category:base,tabindex:7)
2026-03-19 15:42:13,024 [INFO] PluginManage:310 - Check plugin tutovideos
2026-03-19 15:42:13,418 [INFO] PluginManage:359 - Loaded plugin tutovideos (category:base,tabindex:-1)
2026-03-19 15:42:13,419 [INFO] PluginManage:310 - Check plugin updater
2026-03-19 15:42:13,463 [INFO] PluginManage:359 - Loaded plugin updater (category:base,tabindex:12)
2026-03-19 15:42:13,463 [INFO] PluginManage:310 - Check plugin userauth
2026-03-19 15:42:13,470 [INFO] UserAuth:118 - Init User Auth plugin
2026-03-19 15:42:13,472 [INFO] PluginManage:359 - Loaded plugin userauth (category:base,tabindex:14)
2026-03-19 15:42:13,472 [INFO] PluginManage:283 - PluginManage : Loaded plugins [18]
2026-03-19 15:42:13,858 [INFO] PinOutPanel:1589 - setPackage(No Configuration,No Configuration)
2026-03-19 15:42:14,032 [INFO] CADModel:165 - CPN selected for project level
2026-03-19 15:42:14,032 [INFO] CADModel:114 - Register for checkConnection events
2026-03-19 15:42:14,068 [INFO] IPUIPlugin:80 - create IPUIPlugin
2026-03-19 15:42:14,068 [INFO] PluginManager:220 - loadIPPluginJar : add adc
2026-03-19 15:42:14,075 [INFO] IPUIPlugin:80 - create IPUIPlugin
2026-03-19 15:42:14,075 [INFO] PluginManager:220 - loadIPPluginJar : add aes
2026-03-19 15:42:14,082 [INFO] IPUIPlugin:80 - create IPUIPlugin
2026-03-19 15:42:14,082 [INFO] PluginManager:220 - loadIPPluginJar : add can
2026-03-19 15:42:14,087 [INFO] IPUIPlugin:80 - create IPUIPlugin
2026-03-19 15:42:14,087 [INFO] PluginManager:220 - loadIPPluginJar : add comp
2026-03-19 15:42:14,094 [INFO] IPUIPlugin:80 - create IPUIPlugin
2026-03-19 15:42:14,094 [INFO] PluginManager:220 - loadIPPluginJar : add cryp
2026-03-19 15:42:14,101 [INFO] IPUIPlugin:80 - create IPUIPlugin
2026-03-19 15:42:14,101 [INFO] PluginManager:220 - loadIPPluginJar : add ddr_ctrl_phy
2026-03-19 15:42:14,106 [INFO] IPUIPlugin:80 - create IPUIPlugin
2026-03-19 15:42:14,107 [INFO] PluginManager:220 - loadIPPluginJar : add dfsdm
2026-03-19 15:42:14,126 [INFO] IPUIPlugin:80 - create IPUIPlugin
2026-03-19 15:42:14,127 [INFO] PluginManager:220 - loadIPPluginJar : add dma
2026-03-19 15:42:14,133 [INFO] IPUIPlugin:80 - create IPUIPlugin
2026-03-19 15:42:14,133 [INFO] PluginManager:220 - loadIPPluginJar : add dma3
2026-03-19 15:42:14,142 [INFO] IPUIPlugin:80 - create IPUIPlugin
2026-03-19 15:42:14,142 [INFO] PluginManager:220 - loadIPPluginJar : add extmemmanager
2026-03-19 15:42:14,146 [INFO] IPUIPlugin:80 - create IPUIPlugin
2026-03-19 15:42:14,146 [INFO] PluginManager:220 - loadIPPluginJar : add fatfs
2026-03-19 15:42:14,156 [INFO] IPUIPlugin:80 - create IPUIPlugin
2026-03-19 15:42:14,156 [INFO] PluginManager:220 - loadIPPluginJar : add fmc
2026-03-19 15:42:14,225 [INFO] IPUIPlugin:80 - create IPUIPlugin
2026-03-19 15:42:14,225 [INFO] PluginManager:220 - loadIPPluginJar : add freertos
2026-03-19 15:42:14,230 [INFO] IPUIPlugin:80 - create IPUIPlugin
2026-03-19 15:42:14,230 [INFO] PluginManager:220 - loadIPPluginJar : add genericplugin
2026-03-19 15:42:14,239 [INFO] IPUIPlugin:80 - create IPUIPlugin
2026-03-19 15:42:14,239 [INFO] PluginManager:220 - loadIPPluginJar : add gfxmmu
2026-03-19 15:42:14,257 [INFO] IPUIPlugin:80 - create IPUIPlugin
2026-03-19 15:42:14,258 [INFO] PluginManager:220 - loadIPPluginJar : add gic
2026-03-19 15:42:14,281 [INFO] IPUIPlugin:80 - create IPUIPlugin
2026-03-19 15:42:14,281 [INFO] PluginManager:220 - loadIPPluginJar : add gpio
2026-03-19 15:42:14,295 [INFO] IPUIPlugin:80 - create IPUIPlugin
2026-03-19 15:42:14,295 [INFO] PluginManager:220 - loadIPPluginJar : add gtzc
2026-03-19 15:42:14,300 [INFO] IPUIPlugin:80 - create IPUIPlugin
2026-03-19 15:42:14,300 [INFO] PluginManager:220 - loadIPPluginJar : add hash
2026-03-19 15:42:14,308 [INFO] IPUIPlugin:80 - create IPUIPlugin
2026-03-19 15:42:14,308 [INFO] PluginManager:220 - loadIPPluginJar : add i2c
2026-03-19 15:42:14,314 [INFO] IPUIPlugin:80 - create IPUIPlugin
2026-03-19 15:42:14,314 [INFO] PluginManager:220 - loadIPPluginJar : add i2s
2026-03-19 15:42:14,324 [INFO] IPUIPlugin:80 - create IPUIPlugin
2026-03-19 15:42:14,325 [INFO] PluginManager:220 - loadIPPluginJar : add i3c
2026-03-19 15:42:14,337 [INFO] IPUIPlugin:80 - create IPUIPlugin
2026-03-19 15:42:14,337 [INFO] PluginManager:220 - loadIPPluginJar : add ipddr
2026-03-19 15:42:14,352 [INFO] IPUIPlugin:80 - create IPUIPlugin
2026-03-19 15:42:14,352 [INFO] PluginManager:220 - loadIPPluginJar : add linkedlist
2026-03-19 15:42:14,360 [INFO] IPUIPlugin:80 - create IPUIPlugin
2026-03-19 15:42:14,361 [INFO] PluginManager:220 - loadIPPluginJar : add lorawan
2026-03-19 15:42:14,366 [INFO] IPUIPlugin:80 - create IPUIPlugin
2026-03-19 15:42:14,366 [INFO] PluginManager:220 - loadIPPluginJar : add ltdc
2026-03-19 15:42:14,396 [INFO] IPUIPlugin:80 - create IPUIPlugin
2026-03-19 15:42:14,396 [INFO] PluginManager:220 - loadIPPluginJar : add mdma
2026-03-19 15:42:14,417 [INFO] IPUIPlugin:80 - create IPUIPlugin
2026-03-19 15:42:14,417 [INFO] PluginManager:220 - loadIPPluginJar : add nvic
2026-03-19 15:42:14,425 [INFO] IPUIPlugin:80 - create IPUIPlugin
2026-03-19 15:42:14,426 [INFO] PluginManager:220 - loadIPPluginJar : add opamp
2026-03-19 15:42:14,434 [INFO] IPUIPlugin:80 - create IPUIPlugin
2026-03-19 15:42:14,434 [INFO] PluginManager:220 - loadIPPluginJar : add openamp
2026-03-19 15:42:14,442 [INFO] IPUIPlugin:80 - create IPUIPlugin
2026-03-19 15:42:14,442 [INFO] PluginManager:220 - loadIPPluginJar : add pdm2pcm
2026-03-19 15:42:14,476 [INFO] IPUIPlugin:80 - create IPUIPlugin
2026-03-19 15:42:14,480 [INFO] PluginManager:220 - loadIPPluginJar : add plateformsettings
2026-03-19 15:42:14,484 [INFO] IPUIPlugin:80 - create IPUIPlugin
2026-03-19 15:42:14,484 [INFO] PluginManager:220 - loadIPPluginJar : add quadspi
2026-03-19 15:42:14,491 [INFO] IPUIPlugin:80 - create IPUIPlugin
2026-03-19 15:42:14,492 [INFO] PluginManager:220 - loadIPPluginJar : add radio
2026-03-19 15:42:14,549 [INFO] IPUIPlugin:80 - create IPUIPlugin
2026-03-19 15:42:14,549 [INFO] PluginManager:220 - loadIPPluginJar : add resmgrutility
2026-03-19 15:42:14,560 [INFO] IPUIPlugin:80 - create IPUIPlugin
2026-03-19 15:42:14,560 [INFO] PluginManager:220 - loadIPPluginJar : add sai
2026-03-19 15:42:14,566 [INFO] IPUIPlugin:80 - create IPUIPlugin
2026-03-19 15:42:14,566 [INFO] PluginManager:220 - loadIPPluginJar : add spi
2026-03-19 15:42:14,580 [INFO] IPUIPlugin:80 - create IPUIPlugin
2026-03-19 15:42:14,580 [INFO] PluginManager:220 - loadIPPluginJar : add stm32_wpan
2026-03-19 15:42:14,584 [INFO] IPUIPlugin:80 - create IPUIPlugin
2026-03-19 15:42:14,584 [INFO] PluginManager:220 - loadIPPluginJar : add tim
2026-03-19 15:42:14,594 [INFO] IPUIPlugin:80 - create IPUIPlugin
2026-03-19 15:42:14,594 [INFO] PluginManager:220 - loadIPPluginJar : add touchsensing
2026-03-19 15:42:14,599 [INFO] IPUIPlugin:80 - create IPUIPlugin
2026-03-19 15:42:14,599 [INFO] PluginManager:220 - loadIPPluginJar : add tracer_emb
2026-03-19 15:42:14,604 [INFO] IPUIPlugin:80 - create IPUIPlugin
2026-03-19 15:42:14,605 [INFO] PluginManager:220 - loadIPPluginJar : add ts
2026-03-19 15:42:14,609 [INFO] IPUIPlugin:80 - create IPUIPlugin
2026-03-19 15:42:14,610 [INFO] PluginManager:220 - loadIPPluginJar : add tsc
2026-03-19 15:42:14,614 [INFO] IPUIPlugin:80 - create IPUIPlugin
2026-03-19 15:42:14,614 [INFO] PluginManager:220 - loadIPPluginJar : add ucpd
2026-03-19 15:42:14,620 [INFO] IPUIPlugin:80 - create IPUIPlugin
2026-03-19 15:42:14,621 [INFO] PluginManager:220 - loadIPPluginJar : add usart
2026-03-19 15:42:14,631 [INFO] IPUIPlugin:80 - create IPUIPlugin
2026-03-19 15:42:14,631 [INFO] PluginManager:220 - loadIPPluginJar : add usbx
2026-03-19 15:42:14,801 [FATAL] Updater:351 - Updater called before beeing initialized
2026-03-19 15:42:14,838 [INFO] RulesReader:64 - Compatibility file has been processed (317 Rules)
2026-03-19 15:42:14,855 [INFO] RulesReader:64 - Compatibility file has been processed (317 Rules)
2026-03-19 15:42:14,865 [INFO] CADModel:165 - CPN selected for project level
2026-03-19 15:42:14,866 [INFO] CADModel:114 - Register for checkConnection events
2026-03-19 15:42:14,866 [FATAL] Updater:351 - Updater called before beeing initialized
2026-03-19 15:42:14,866 [ERROR] CADModel:125 - Updater not yet initialized, retry later 
2026-03-19 15:42:15,166 [FATAL] Updater:351 - Updater called before beeing initialized
2026-03-19 15:42:15,169 [INFO] CADModel:165 - CPN selected for project level
2026-03-19 15:42:15,169 [INFO] CADModel:114 - Register for checkConnection events
2026-03-19 15:42:15,169 [FATAL] Updater:351 - Updater called before beeing initialized
2026-03-19 15:42:15,169 [ERROR] CADModel:125 - Updater not yet initialized, retry later 
2026-03-19 15:42:15,174 [FATAL] Updater:351 - Updater called before beeing initialized
2026-03-19 15:42:15,348 [FATAL] Updater:351 - Updater called before beeing initialized
2026-03-19 15:42:15,353 [INFO] DbMcusAds:53 - JSON generation date=Thu Mar 05 15:32:52 CET 2026 (1772721172610)
2026-03-19 15:42:15,354 [FATAL] Updater:351 - Updater called before beeing initialized
2026-03-19 15:42:15,433 [WARN] DetailPanel:346 - Failed to get advertising image, set to default
2026-03-19 15:42:15,600 [FATAL] Updater:351 - Updater called before beeing initialized
2026-03-19 15:42:15,602 [FATAL] Updater:351 - Updater called before beeing initialized
2026-03-19 15:42:15,602 [FATAL] Updater:351 - Updater called before beeing initialized
2026-03-19 15:42:15,602 [WARN] DetailPanel:346 - Failed to get advertising image, set to default
2026-03-19 15:42:15,603 [FATAL] Updater:351 - Updater called before beeing initialized
2026-03-19 15:42:15,685 [ERROR] Updater:1198 - MainUpdater not yet initialized. External WinMGr cannot be set.
2026-03-19 15:42:15,692 [INFO] Updater:1134 - Updater Version found : 6.15.0
2026-03-19 15:42:15,717 [INFO] ApplicationProperties:184 - Using Application install path: F:\Knowledge_Update\STM32CubeIDE_1.19.0\STM32CubeIDE\plugins\com.st.stm32cube.common.mx_6.15.0.202507011659
2026-03-19 15:42:16,019 [INFO] ThirdPartyUpdaterWithRetryManager:70 - Updater plugin not ready yet. [2/15]
2026-03-19 15:42:17,308 [ERROR] LogOutputStream:75 - [STDERR_REDIRECT] Mar 19, 2026 3:42:17 PM java.util.prefs.WindowsPreferences <init>
2026-03-19 15:42:17,310 [ERROR] LogOutputStream:75 - [STDERR_REDIRECT] WARNING: Could not open/create prefs root node Software\JavaSoft\Prefs at root 0xffffffff80000002. Windows RegCreateKeyEx(...) returned error code 5.
2026-03-19 15:42:17,310 [ERROR] LogOutputStream:75 - [STDERR_REDIRECT] 
2026-03-19 15:42:17,810 [INFO] MainUpdater:2872 - connection check result : 10
2026-03-19 15:42:17,811 [INFO] MainUpdater:289 - Updater Check For Update Now.
2026-03-19 15:42:17,811 [INFO] MicroXplorer:498 - Change Database Version : DB.6.0.150
2026-03-19 15:42:17,833 [INFO] McuFinderGlobals:63 - Set McuFinder mode to 2 (CubeIDE integrated)
2026-03-19 15:42:17,833 [INFO] UserAuth:171 - activating auth plugin
2026-03-19 15:42:17,839 [INFO] UserAuth:487 - Internet connection configuration mode: 1
2026-03-19 15:42:17,909 [INFO] JxBrowserEngine:152 - Initiate JxBrowser Engine with user profile folder
2026-03-19 15:42:18,414 [INFO] CheckServerUpdateThread:120 - End of CheckServer Thread
2026-03-19 15:42:21,258 [WARN] PackLoader:240 - Cannot read IP mode file for STMicroelectronics.X-CUBE-AZRTOS-H7.3.5.0
2026-03-19 15:42:21,326 [WARN] PackLoader:240 - Cannot read IP mode file for STMicroelectronics.FP-SNS-MOTENVWB1.1.4.0
2026-03-19 15:42:21,347 [WARN] PackLoader:240 - Cannot read IP mode file for STMicroelectronics.FP-ATR-ASTRA1.2.0.2
2026-03-19 15:42:21,378 [WARN] PackLoader:240 - Cannot read IP mode file for STMicroelectronics.X-CUBE-SMBUS.2.1.0
2026-03-19 15:42:21,398 [WARN] PackLoader:240 - Cannot read IP mode file for STMicroelectronics.X-CUBE-ST60.1.0.0
2026-03-19 15:42:21,508 [WARN] PackLoader:240 - Cannot read IP mode file for STMicroelectronics.X-CUBE-AZRTOS-F7.1.1.0
2026-03-19 15:42:21,542 [WARN] PackLoader:240 - Cannot read IP mode file for STMicroelectronics.FP-SNS-MOTENV1.5.1.0
2026-03-19 15:42:21,575 [WARN] PackLoader:240 - Cannot read IP mode file for WES.I-CUBE-Cesium.1.4.0
2026-03-19 15:42:21,644 [WARN] PackLoader:240 - Cannot read IP mode file for Infineon.AIROC-Wi-Fi-Bluetooth-STM32.1.7.1
2026-03-19 15:42:21,714 [WARN] PackLoader:240 - Cannot read IP mode file for STMicroelectronics.X-CUBE-AZRTOS-H7.3.4.0
2026-03-19 15:42:21,795 [WARN] PackLoader:240 - Cannot read IP mode file for STMicroelectronics.X-CUBE-DISPLAY.3.0.0
2026-03-19 15:42:21,809 [WARN] PackLoader:240 - Cannot read IP mode file for STMicroelectronics.FP-SNS-MOTENVWB1.1.5.0
2026-03-19 15:42:21,827 [WARN] PackLoader:240 - Cannot read IP mode file for STMicroelectronics.X-CUBE-NFC10.1.0.0
2026-03-19 15:42:21,837 [WARN] PackLoader:240 - Cannot read IP mode file for STMicroelectronics.X-CUBE-ST60.1.1.0
2026-03-19 15:42:21,847 [WARN] PackLoader:240 - Cannot read IP mode file for emotas.I-CUBE-CANOPEN.1.3.0
2026-03-19 15:42:21,864 [WARN] PackLoader:240 - Cannot read IP mode file for STMicroelectronics.X-CUBE-GNSS1.7.1.0
2026-03-19 15:42:21,890 [WARN] PackLoader:240 - Cannot read IP mode file for STMicroelectronics.FP-SNS-STBOX1.2.1.0
2026-03-19 15:42:21,907 [WARN] PackLoader:240 - Cannot read IP mode file for STMicroelectronics.FP-SNS-SMARTAG2.1.2.0
2026-03-19 15:42:21,914 [WARN] PackLoader:240 - Cannot read IP mode file for STMicroelectronics.FP-SNS-FLIGHT1.5.1.0
2026-03-19 15:42:21,929 [INFO] LogOutputStream:77 - [STDOUT_REDIRECT] 1 : Invalid condition id : UX_CORESTACK_Condition cause : null
2026-03-19 15:42:21,931 [INFO] LogOutputStream:77 - [STDOUT_REDIRECT] 1 : Invalid condition id : UX_CORESTACK_Condition cause : null
2026-03-19 15:42:21,933 [INFO] LogOutputStream:77 - [STDOUT_REDIRECT] 1 : Invalid condition id : UX_CORESTACK_Condition cause : null
2026-03-19 15:42:21,937 [INFO] LogOutputStream:77 - [STDOUT_REDIRECT] 1 : Invalid condition id : UX_CORESTACK_Condition cause : null
2026-03-19 15:42:21,940 [INFO] LogOutputStream:77 - [STDOUT_REDIRECT] 1 : Invalid condition id : UX_CORESTACK_Condition cause : null
2026-03-19 15:42:21,944 [WARN] PackLoader:240 - Cannot read IP mode file for STMicroelectronics.X-CUBE-AZRTOS-WL.2.0.0
2026-03-19 15:42:21,951 [WARN] PackLoader:240 - Cannot read IP mode file for STMicroelectronics.FP-SNS-MOTENV1.5.0.0
2026-03-19 15:42:21,986 [WARN] PackLoader:240 - Cannot read IP mode file for STMicroelectronics.X-CUBE-AZRTOS-H7RS.1.2.0
2026-03-19 15:42:22,000 [WARN] PackLoader:240 - Cannot read IP mode file for WES.I-CUBE-Cesium.1.3.0
2026-03-19 15:42:22,010 [WARN] PackLoader:240 - Cannot read IP mode file for STMicroelectronics.X-CUBE-BLE2.3.3.0
2026-03-19 15:42:22,032 [INFO] WebApp:169 - Instantiating new browser for Auth
2026-03-19 15:42:22,050 [WARN] PackLoader:240 - Cannot read IP mode file for STMicroelectronics.X-CUBE-NFC9.1.0.0
2026-03-19 15:42:22,081 [WARN] PackLoader:240 - Cannot read IP mode file for wolfSSL.I-CUBE-wolfSSL.5.8.2
2026-03-19 15:42:22,101 [WARN] PackLoader:240 - Cannot read IP mode file for STMicroelectronics.X-CUBE-BLE1.7.1.0
2026-03-19 15:42:22,113 [WARN] PackLoader:240 - Cannot read IP mode file for wolfSSL.I-CUBE-wolfMQTT.1.19.2
2026-03-19 15:42:22,151 [WARN] PackLoader:240 - Cannot read IP mode file for STMicroelectronics.X-CUBE-FREERTOS.1.4.0
2026-03-19 15:42:22,169 [WARN] PackLoader:240 - Cannot read IP mode file for STMicroelectronics.X-CUBE-EEPRMA1.5.2.0
2026-03-19 15:42:22,229 [WARN] PackLoader:240 - Cannot read IP mode file for STMicroelectronics.X-CUBE-ST67W61.1.1.0
2026-03-19 15:42:22,369 [WARN] PackLoader:240 - Cannot read IP mode file for STMicroelectronics.X-CUBE-MEMS1.12.0.0
2026-03-19 15:42:22,834 [WARN] PackLoader:240 - Cannot read IP mode file for STMicroelectronics.X-CUBE-AZRTOS-G0.1.1.0
2026-03-19 15:42:22,848 [WARN] PackLoader:240 - Cannot read IP mode file for STMicroelectronics.X-CUBE-SAFEA1.1.2.2
2026-03-19 15:42:22,862 [WARN] PackLoader:240 - Cannot read IP mode file for STMicroelectronics.X-CUBE-NFC4.3.0.0
2026-03-19 15:42:22,891 [WARN] PackLoader:240 - Cannot read IP mode file for EmbeddedOffice.I-CUBE-FS-RTOS.1.0.1
2026-03-19 15:42:22,908 [WARN] PackLoader:240 - Cannot read IP mode file for STMicroelectronics.X-CUBE-WB05N.2.0.0
2026-03-19 15:42:22,917 [WARN] PackLoader:240 - Cannot read IP mode file for wolfSSL.I-CUBE-wolfTPM.3.8.0
2026-03-19 15:42:22,933 [WARN] PackLoader:240 - Cannot read IP mode file for STMicroelectronics.X-CUBE-TCPP.4.2.0
2026-03-19 15:42:22,949 [WARN] PackLoader:240 - Cannot read IP mode file for RealThread.X-CUBE-RT-Thread_Nano.4.1.1
2026-03-19 15:42:22,966 [WARN] PackLoader:240 - Cannot read IP mode file for STMicroelectronics.FP-ATR-SIGFOX1.3.2.0
2026-03-19 15:42:22,978 [WARN] PackLoader:240 - Cannot read IP mode file for STMicroelectronics.X-CUBE-FREERTOS.1.5.0
2026-03-19 15:42:23,038 [WARN] PackLoader:240 - Cannot read IP mode file for ITTIA_DB.I-CUBE-ITTIADB.8.9.0
2026-03-19 15:42:23,051 [WARN] PackLoader:240 - Cannot read IP mode file for STMicroelectronics.X-CUBE-NFC6.3.2.0
2026-03-19 15:42:23,075 [WARN] PackLoader:240 - Cannot read IP mode file for STMicroelectronics.X-CUBE-ST67W61.1.0.0
2026-03-19 15:42:23,103 [WARN] PackLoader:240 - Cannot read IP mode file for STMicroelectronics.X-CUBE-AI.10.2.0
2026-03-19 15:42:23,143 [WARN] PackLoader:240 - Cannot read IP mode file for SEGGER.I-CUBE-embOS.1.3.1
2026-03-19 15:42:23,236 [WARN] PackLoader:240 - Cannot read IP mode file for STMicroelectronics.X-CUBE-ALGOBUILD.1.4.0
2026-03-19 15:42:23,317 [WARN] PackLoader:240 - Cannot read IP mode file for STMicroelectronics.X-CUBE-MEMS1.11.3.0
2026-03-19 15:42:25,555 [WARN] PackLoader:240 - Cannot read IP mode file for STMicroelectronics.X-CUBE-PM33A1.1.0.0
2026-03-19 15:42:25,648 [WARN] PackLoader:240 - Cannot read IP mode file for STMicroelectronics.X-CUBE-AZRTOS-F4.1.1.0
2026-03-19 15:42:25,674 [WARN] PackLoader:240 - Cannot read IP mode file for Avnet-IotConnect.X-CUBE-IoTC-DA16k-PMOD.1.0.0
2026-03-19 15:42:25,717 [WARN] PackLoader:240 - Cannot read IP mode file for STMicroelectronics.X-CUBE-ISPU.2.1.0
2026-03-19 15:42:25,772 [WARN] PackLoader:240 - Cannot read IP mode file for STMicroelectronics.X-CUBE-IPS.3.2.0
2026-03-19 15:42:25,808 [WARN] PackLoader:240 - Cannot read IP mode file for STMicroelectronics.X-CUBE-NFC12.1.0.0
2026-03-19 15:42:25,929 [WARN] PackLoader:240 - Cannot read IP mode file for STMicroelectronics.X-CUBE-AZRTOS-L5.2.0.0
2026-03-19 15:42:25,981 [WARN] PackLoader:240 - Cannot read IP mode file for STMicroelectronics.X-CUBE-NFC6.3.1.0
2026-03-19 15:42:26,039 [WARN] PackLoader:240 - Cannot read IP mode file for STMicroelectronics.X-CUBE-FREERTOS.1.3.1
2026-03-19 15:42:26,109 [WARN] PackLoader:240 - Cannot read IP mode file for STMicroelectronics.X-CUBE-TOUCHGFX.4.26.0
2026-03-19 15:42:26,152 [WARN] PackLoader:240 - Cannot read IP mode file for STMicroelectronics.X-CUBE-TOUCHGFX.4.26.1
2026-03-19 15:42:26,226 [WARN] PackLoader:240 - Cannot read IP mode file for STMicroelectronics.FP-SNS-STAIOTCFT.1.0.0
2026-03-19 15:42:26,234 [WARN] PackLoader:240 - Cannot read IP mode file for STMicroelectronics.X-CUBE-DPower.1.3.0
2026-03-19 15:42:26,257 [WARN] ConditionMgr:438 - getConditionDescription Invalid condition id : LAN8742 Phy interface Condition cause : null
2026-03-19 15:42:26,258 [WARN] PackLoader:240 - Cannot read IP mode file for STMicroelectronics.X-CUBE-AZRTOS-L4.2.0.0
2026-03-19 15:42:26,260 [WARN] ConditionMgr:1044 - genDependencies : Invalid condition id : LAN8742 Phy interface Condition cause : null
2026-03-19 15:42:26,260 [WARN] ConditionMgr:1044 - genDependencies : Invalid condition id : LAN8742 Phy interface Condition cause : null
2026-03-19 15:42:26,261 [WARN] ConditionMgr:1044 - genDependencies : Invalid condition id : LAN8742 Phy interface Condition cause : null
2026-03-19 15:42:26,272 [WARN] PackLoader:240 - Cannot read IP mode file for STMicroelectronics.X-CUBE-SFXS2LP1.4.0.0
2026-03-19 15:42:26,281 [WARN] PackLoader:240 - Cannot read IP mode file for STMicroelectronics.X-CUBE-ST67W61.1.2.0
2026-03-19 15:42:26,292 [WARN] PackLoader:240 - Cannot read IP mode file for STMicroelectronics.X-CUBE-BLEMGR.4.1.0
2026-03-19 15:42:26,312 [WARN] ConditionMgr:438 - getConditionDescription Invalid condition id : UX DEVICE CLASS RTOS Condition cause : null
2026-03-19 15:42:26,312 [WARN] ConditionMgr:438 - getConditionDescription Invalid condition id : UX DEVICE CLASS RTOS Condition cause : null
2026-03-19 15:42:26,314 [WARN] PackLoader:240 - Cannot read IP mode file for STMicroelectronics.X-CUBE-AZRTOS-WB.2.0.0
2026-03-19 15:42:26,315 [WARN] ConditionMgr:1044 - genDependencies : Invalid condition id : UX DEVICE CLASS RTOS Condition cause : null
2026-03-19 15:42:26,315 [WARN] ConditionMgr:1044 - genDependencies : Invalid condition id : UX DEVICE CLASS RTOS Condition cause : null
2026-03-19 15:42:26,316 [WARN] ConditionMgr:1044 - genDependencies : Invalid condition id : UX DEVICE CLASS RTOS Condition cause : null
2026-03-19 15:42:26,316 [WARN] ConditionMgr:1044 - genDependencies : Invalid condition id : UX DEVICE CLASS RTOS Condition cause : null
2026-03-19 15:42:26,316 [WARN] ConditionMgr:1044 - genDependencies : Invalid condition id : UX DEVICE CLASS RTOS Condition cause : null
2026-03-19 15:42:26,322 [WARN] PackLoader:240 - Cannot read IP mode file for STMicroelectronics.X-CUBE-GNSS1.7.0.1
2026-03-19 15:42:26,326 [WARN] PackLoader:240 - Cannot read IP mode file for STMicroelectronics.X-CUBE-TOUCHGFX.4.25.0
2026-03-19 15:42:26,331 [WARN] ConditionMgr:438 - getConditionDescription Invalid condition id : Cortex-A Device cause : null
2026-03-19 15:42:26,348 [WARN] ConditionMgr:1044 - genDependencies : Invalid condition id : Cortex-A Device cause : null
2026-03-19 15:42:26,348 [WARN] ConditionMgr:1044 - genDependencies : Invalid condition id : Cortex-A Device cause : null
2026-03-19 15:42:26,349 [WARN] ConditionMgr:1044 - genDependencies : Invalid condition id : Cortex-A Device cause : null
2026-03-19 15:42:26,359 [WARN] PackLoader:240 - Cannot read IP mode file for STMicroelectronics.X-CUBE-STSE01.2.0.0
2026-03-19 15:42:26,375 [WARN] PackLoader:240 - Cannot read IP mode file for STMicroelectronics.X-CUBE-SUBG2.5.0.0
2026-03-19 15:42:26,433 [WARN] PackLoader:240 - Cannot read IP mode file for STMicroelectronics.X-CUBE-AZRTOS-H7RS.1.1.0
2026-03-19 15:42:26,455 [WARN] PackLoader:240 - Cannot read IP mode file for Cesanta.I-CUBE-Mongoose.7.13.0
2026-03-19 15:42:26,489 [WARN] PackLoader:240 - Cannot read IP mode file for STMicroelectronics.X-CUBE-AZRTOS-G4.2.0.0
2026-03-19 15:42:26,499 [WARN] PackLoader:240 - Cannot read IP mode file for wolfSSL.I-CUBE-wolfSSH.1.4.20
2026-03-19 15:42:26,512 [WARN] PackLoader:240 - Cannot read IP mode file for STMicroelectronics.X-CUBE-NFC7.2.0.0
2026-03-19 15:42:26,532 [WARN] PackLoader:240 - Cannot read IP mode file for STMicroelectronics.X-CUBE-IPS.3.1.0
2026-03-19 15:42:26,558 [WARN] PackLoader:240 - Cannot read IP mode file for STMicroelectronics.X-CUBE-ALS.1.0.2
2026-03-19 15:42:26,569 [WARN] PackLoader:240 - Cannot read IP mode file for STMicroelectronics.X-CUBE-STSE01.1.0.0
2026-03-19 15:42:26,615 [WARN] PackLoader:240 - Cannot read IP mode file for portGmbH.I-Cube-SoM-uGOAL.1.1.0
2026-03-19 15:42:26,649 [WARN] PackLoader:240 - Cannot read IP mode file for STMicroelectronics.X-CUBE-TOF1.3.4.3
2026-03-19 15:42:26,683 [INFO] ThirdParty:978 - Integrity check success = true
2026-03-19 15:42:26,683 [INFO] IntegrityCheckThread:100 - exiting critical section [integrity check]
2026-03-19 15:42:26,684 [INFO] IntegrityCheckThread:103 - End integrity checks thread
2026-03-19 15:42:27,375 [INFO] WebApp:463 - Apply proxy settings
2026-03-19 15:42:27,375 [INFO] WebApp:548 - Chromium requires no authentication
2026-03-19 15:42:27,393 [INFO] WebApp:491 - Direct internet connection detected
2026-03-19 15:42:27,437 [INFO] WebApp:900 - Register for checkConnection events
2026-03-19 15:42:27,438 [INFO] WebApp:463 - Apply proxy settings
2026-03-19 15:42:27,438 [INFO] WebApp:548 - Chromium requires no authentication
2026-03-19 15:42:27,439 [INFO] WebApp:491 - Direct internet connection detected
2026-03-19 15:42:28,702 [INFO] WebApp:191 - Connection restablished
2026-03-19 15:42:28,920 [INFO] WebApp:225 - Starting web application
2026-03-19 15:42:28,920 [INFO] WebApp:593 - Web application path used F:\Knowledge_Update\STM32CubeIDE_1.19.0\STM32CubeIDE\plugins\com.st.stm32cube.common.mx_6.15.0.202507011659\db\plugins\mcufinder\reactClient1\index.html
2026-03-19 22:13:57,890 [INFO] WebApp:194 - Connection lost
2026-03-19 22:13:58,383 [INFO] WebApp:191 - Connection restablished
2026-03-19 22:14:01,659 [INFO] WebApp:194 - Connection lost
2026-03-19 22:14:01,801 [INFO] WebApp:191 - Connection restablished
